TN:
SF:src/index.ts
FN:1,(empty-report)
FNF:1
FNH:0
FNDA:0,(empty-report)
DA:1,0
DA:2,0
DA:3,0
DA:4,0
DA:5,0
DA:6,0
DA:7,0
DA:8,0
LF:8
LH:0
BRDA:1,0,0,0
BRF:1
BRH:0
end_of_record
TN:
SF:src/types/index.ts
FN:173,isLiquidViewSchema
FN:184,isGridLayout
FN:188,isStackLayout
FN:192,isChartComponent
FN:196,isTableComponent
FNF:5
FNH:5
FNDA:7,isLiquidViewSchema
FNDA:2,isGridLayout
FNDA:2,isStackLayout
FNDA:2,isChartComponent
FNDA:2,isTableComponent
DA:1,1
DA:2,1
DA:3,1
DA:4,1
DA:5,1
DA:6,1
DA:7,1
DA:8,1
DA:9,1
DA:10,1
DA:11,1
DA:12,1
DA:13,1
DA:14,1
DA:15,1
DA:16,1
DA:17,1
DA:18,1
DA:19,1
DA:20,1
DA:21,1
DA:22,1
DA:23,1
DA:24,1
DA:25,1
DA:26,1
DA:27,1
DA:28,1
DA:29,1
DA:30,1
DA:31,1
DA:32,1
DA:33,1
DA:34,1
DA:35,1
DA:36,1
DA:37,1
DA:38,1
DA:39,1
DA:40,1
DA:41,1
DA:42,1
DA:43,1
DA:44,1
DA:45,1
DA:46,1
DA:47,1
DA:48,1
DA:49,1
DA:50,1
DA:51,1
DA:52,1
DA:53,1
DA:54,1
DA:55,1
DA:56,1
DA:57,1
DA:58,1
DA:59,1
DA:60,1
DA:61,1
DA:62,1
DA:63,1
DA:64,1
DA:65,1
DA:66,1
DA:67,1
DA:68,1
DA:69,1
DA:70,1
DA:71,1
DA:72,1
DA:73,1
DA:74,1
DA:75,1
DA:76,1
DA:77,1
DA:78,1
DA:79,1
DA:80,1
DA:81,1
DA:82,1
DA:83,1
DA:84,1
DA:85,1
DA:86,1
DA:87,1
DA:88,1
DA:89,1
DA:90,1
DA:91,1
DA:92,1
DA:93,1
DA:94,1
DA:95,1
DA:96,1
DA:97,1
DA:98,1
DA:99,1
DA:100,1
DA:101,1
DA:102,1
DA:103,1
DA:104,1
DA:105,1
DA:106,1
DA:107,1
DA:108,1
DA:109,1
DA:110,1
DA:111,1
DA:112,1
DA:113,1
DA:114,1
DA:115,1
DA:116,1
DA:117,1
DA:118,1
DA:119,1
DA:120,1
DA:121,1
DA:122,1
DA:123,1
DA:124,1
DA:125,1
DA:126,1
DA:127,1
DA:128,1
DA:129,1
DA:130,1
DA:131,1
DA:132,1
DA:133,1
DA:134,1
DA:135,1
DA:136,1
DA:137,1
DA:138,1
DA:139,1
DA:140,1
DA:141,1
DA:142,1
DA:143,1
DA:144,1
DA:145,1
DA:146,1
DA:147,1
DA:148,1
DA:149,1
DA:150,1
DA:151,1
DA:152,1
DA:153,1
DA:154,1
DA:155,1
DA:156,1
DA:157,1
DA:158,1
DA:159,1
DA:160,1
DA:161,1
DA:162,1
DA:163,1
DA:164,1
DA:165,1
DA:166,1
DA:167,1
DA:168,1
DA:169,1
DA:170,1
DA:171,1
DA:172,1
DA:173,1
DA:174,7
DA:175,3
DA:176,3
DA:177,3
DA:178,2
DA:179,2
DA:180,1
DA:181,7
DA:182,7
DA:183,1
DA:184,1
DA:185,2
DA:186,2
DA:187,1
DA:188,1
DA:189,2
DA:190,2
DA:191,1
DA:192,1
DA:193,2
DA:194,2
DA:195,1
DA:196,1
DA:197,2
DA:198,2
DA:199,1
DA:200,1
DA:201,1
DA:202,1
DA:203,1
DA:204,1
DA:205,1
DA:206,1
DA:207,1
DA:208,1
DA:209,1
DA:210,1
DA:211,1
DA:212,1
DA:213,1
DA:214,1
DA:215,1
DA:216,1
DA:217,1
DA:218,1
DA:219,1
DA:220,1
DA:221,1
DA:222,1
DA:223,1
DA:224,1
DA:225,1
DA:226,1
DA:227,1
DA:228,1
DA:229,1
DA:230,1
DA:231,1
DA:232,1
DA:233,1
LF:233
LH:233
BRDA:173,0,0,7
BRDA:174,1,0,4
BRDA:174,2,0,4
BRDA:174,3,0,3
BRDA:177,4,0,2
BRDA:178,5,0,2
BRDA:179,6,0,1
BRDA:184,7,0,2
BRDA:188,8,0,2
BRDA:192,9,0,2
BRDA:196,10,0,2
BRDA:203,11,0,1
BRF:12
BRH:12
end_of_record
TN:
SF:src/validators/schema.ts
FN:33,validate
FN:104,validateVersion
FN:117,validateLayout
FN:151,validateComponent
FN:187,validateDataSources
FN:205,validateDataSource
FN:243,validateDataSourceReferences
FNF:7
FNH:7
FNDA:20,validate
FNDA:17,validateVersion
FNDA:17,validateLayout
FNDA:11,validateComponent
FNDA:17,validateDataSources
FNDA:9,validateDataSource
FNDA:17,validateDataSourceReferences
DA:1,1
DA:2,1
DA:3,1
DA:4,1
DA:5,1
DA:6,1
DA:7,1
DA:8,1
DA:9,1
DA:10,1
DA:11,1
DA:12,1
DA:13,1
DA:14,1
DA:15,1
DA:16,1
DA:17,1
DA:18,1
DA:19,1
DA:20,1
DA:21,1
DA:22,1
DA:23,1
DA:24,1
DA:25,1
DA:26,1
DA:27,1
DA:28,1
DA:29,1
DA:30,1
DA:31,1
DA:32,1
DA:33,1
DA:34,20
DA:35,20
DA:36,20
DA:37,20
DA:38,0
DA:39,0
DA:40,0
DA:41,0
DA:42,0
DA:43,0
DA:44,20
DA:45,20
DA:46,20
DA:47,20
DA:48,20
DA:49,1
DA:50,1
DA:51,1
DA:52,1
DA:53,1
DA:54,1
DA:55,20
DA:56,20
DA:57,1
DA:58,1
DA:59,1
DA:60,1
DA:61,1
DA:62,1
DA:63,20
DA:64,20
DA:65,1
DA:66,1
DA:67,1
DA:68,1
DA:69,1
DA:70,1
DA:71,20
DA:72,20
DA:73,20
DA:74,3
DA:75,3
DA:76,17
DA:77,17
DA:78,17
DA:79,17
DA:80,17
DA:81,17
DA:82,17
DA:83,17
DA:84,17
DA:85,17
DA:86,17
DA:87,17
DA:88,17
DA:89,17
DA:90,17
DA:91,20
DA:92,17
DA:93,17
DA:94,17
DA:95,17
DA:96,17
DA:97,17
DA:98,17
DA:99,20
DA:100,1
DA:101,1
DA:102,1
DA:103,1
DA:104,1
DA:105,17
DA:106,1
DA:107,1
DA:108,1
DA:109,1
DA:110,1
DA:111,1
DA:112,17
DA:113,1
DA:114,1
DA:115,1
DA:116,1
DA:117,1
DA:118,17
DA:119,1
DA:120,1
DA:121,1
DA:122,1
DA:123,1
DA:124,1
DA:125,1
DA:126,16
DA:127,16
DA:128,17
DA:129,14
DA:130,14
DA:131,2
DA:132,2
DA:133,2
DA:134,2
DA:135,2
DA:136,2
DA:137,14
DA:138,14
DA:139,16
DA:140,16
DA:141,16
DA:142,16
DA:143,11
DA:144,16
DA:145,16
DA:146,17
DA:147,1
DA:148,1
DA:149,1
DA:150,1
DA:151,1
DA:152,11
DA:153,1
DA:154,1
DA:155,1
DA:156,1
DA:157,1
DA:158,1
DA:159,1
DA:160,10
DA:161,10
DA:162,11
DA:163,7
DA:164,1
DA:165,1
DA:166,1
DA:167,1
DA:168,1
DA:169,1
DA:170,7
DA:171,10
DA:172,10
DA:173,11
DA:174,3
DA:175,1
DA:176,1
DA:177,1
DA:178,1
DA:179,1
DA:180,1
DA:181,3
DA:182,11
DA:183,1
DA:184,1
DA:185,1
DA:186,1
DA:187,1
DA:188,17
DA:189,0
DA:190,0
DA:191,0
DA:192,0
DA:193,0
DA:194,0
DA:195,0
DA:196,17
DA:197,17
DA:198,9
DA:199,17
DA:200,17
DA:201,1
DA:202,1
DA:203,1
DA:204,1
DA:205,1
DA:206,9
DA:207,9
DA:208,1
DA:209,1
DA:210,1
DA:211,1
DA:212,1
DA:213,1
DA:214,9
DA:215,9
DA:216,9
DA:217,5
DA:218,12
DA:219,1
DA:220,1
DA:221,1
DA:222,1
DA:223,1
DA:224,1
DA:225,5
DA:226,5
DA:227,9
DA:228,9
DA:229,9
DA:230,5
DA:231,1
DA:232,1
DA:233,1
DA:234,1
DA:235,1
DA:236,1
DA:237,5
DA:238,9
DA:239,1
DA:240,1
DA:241,1
DA:242,1
DA:243,1
DA:244,17
DA:245,17
DA:246,17
DA:247,11
DA:248,6
DA:249,1
DA:250,1
DA:251,1
DA:252,1
DA:253,1
DA:254,1
DA:255,6
DA:256,17
DA:257,17
DA:258,1
LF:258
LH:245
BRDA:33,0,0,20
BRDA:37,1,0,0
BRDA:48,2,0,1
BRDA:56,3,0,1
BRDA:64,4,0,1
BRDA:73,5,0,3
BRDA:75,6,0,17
BRDA:91,7,0,17
BRDA:104,8,0,17
BRDA:105,9,0,1
BRDA:117,10,0,17
BRDA:118,11,0,1
BRDA:125,12,0,16
BRDA:128,13,0,14
BRDA:130,14,0,2
BRDA:138,15,0,16
BRDA:142,16,0,11
BRDA:151,17,0,11
BRDA:152,18,0,1
BRDA:159,19,0,10
BRDA:162,20,0,7
BRDA:163,21,0,1
BRDA:170,22,0,10
BRDA:173,23,0,3
BRDA:174,24,0,1
BRDA:187,25,0,17
BRDA:188,26,0,0
BRDA:197,27,0,9
BRDA:205,28,0,9
BRDA:207,29,0,1
BRDA:216,30,0,5
BRDA:216,31,0,5
BRDA:229,32,0,5
BRDA:230,33,0,1
BRDA:217,34,0,12
BRDA:218,35,0,1
BRDA:243,36,0,17
BRDA:244,37,0,0
BRDA:246,38,0,11
BRDA:247,39,0,6
BRDA:248,40,0,1
BRF:41
BRH:38
end_of_record
